<?xml version="1.0" encoding="UTF-8"?>
<testsuite name="cl.com.bci.BciApplicationTest" tests="1" skipped="0" failures="0" errors="0" timestamp="2023-06-13T22:14:06" hostname="MCEXE6XA3.corporacionbci.cl" time="0.038">
  <properties/>
  <testcase name="contextLoads()" classname="cl.com.bci.BciApplicationTest" time="0.038"/>
  <system-out><![CDATA[19:14:04.779 [Test worker] DEBUG org.springframework.test.context.BootstrapUtils - Instantiating CacheAwareContextLoaderDelegate from class [org.springframework.test.context.cache.DefaultCacheAwareContextLoaderDelegate]
19:14:04.783 [Test worker] DEBUG org.springframework.test.context.BootstrapUtils - Instantiating BootstrapContext using constructor [public org.springframework.test.context.support.DefaultBootstrapContext(java.lang.Class,org.springframework.test.context.CacheAwareContextLoaderDelegate)]
19:14:04.796 [Test worker] DEBUG org.springframework.test.context.BootstrapUtils - Instantiating TestContextBootstrapper for test class [cl.com.bci.BciApplicationTest] from class [org.springframework.boot.test.context.SpringBootTestContextBootstrapper]
19:14:04.799 [Test worker] INFO org.springframework.boot.test.context.SpringBootTestContextBootstrapper - Neither @ContextConfiguration nor @ContextHierarchy found for test class [cl.com.bci.BciApplicationTest], using SpringBootContextLoader
19:14:04.801 [Test worker] DEBUG org.springframework.test.context.support.AbstractContextLoader - Did not detect default resource location for test class [cl.com.bci.BciApplicationTest]: class path resource [cl/com/bci/BciApplicationTest-context.xml] does not exist
19:14:04.801 [Test worker] DEBUG org.springframework.test.context.support.AbstractContextLoader - Did not detect default resource location for test class [cl.com.bci.BciApplicationTest]: class path resource [cl/com/bci/BciApplicationTestContext.groovy] does not exist
19:14:04.801 [Test worker] INFO org.springframework.test.context.support.AbstractContextLoader - Could not detect default resource locations for test class [cl.com.bci.BciApplicationTest]: no resource found for suffixes {-context.xml, Context.groovy}.
19:14:04.802 [Test worker] INFO org.springframework.test.context.support.AnnotationConfigContextLoaderUtils - Could not detect default configuration classes for test class [cl.com.bci.BciApplicationTest]: BciApplicationTest does not declare any static, non-private, non-final, nested classes annotated with @Configuration.
19:14:04.817 [Test worker] DEBUG org.springframework.test.context.support.ActiveProfilesUtils - Could not find an 'annotation declaring class' for annotation type [org.springframework.test.context.ActiveProfiles] and class [cl.com.bci.BciApplicationTest]
19:14:04.842 [Test worker] DEBUG org.springframework.context.annotation.ClassPathScanningCandidateComponentProvider - Identified candidate component class: file [/Users/exdmace/Desarrollo/workspace/bci/build/classes/java/main/cl/com/bci/BciApplication.class]
19:14:04.843 [Test worker] INFO org.springframework.boot.test.context.SpringBootTestContextBootstrapper - Found @SpringBootConfiguration cl.com.bci.BciApplication for test class cl.com.bci.BciApplicationTest
19:14:04.878 [Test worker] DEBUG org.springframework.boot.test.context.SpringBootTestContextBootstrapper - @TestExecutionListeners is not present for class [cl.com.bci.BciApplicationTest]: using defaults.
19:14:04.879 [Test worker] INFO org.springframework.boot.test.context.SpringBootTestContextBootstrapper - Loaded default TestExecutionListener class names from location [META-INF/spring.factories]: [org.springframework.boot.test.autoconfigure.restdocs.RestDocsTestExecutionListener, org.springframework.boot.test.autoconfigure.web.client.MockRestServiceServerResetTestExecutionListener, org.springframework.boot.test.autoconfigure.web.servlet.MockMvcPrintOnlyOnFailureTestExecutionListener, org.springframework.boot.test.autoconfigure.web.servlet.WebDriverTestExecutionListener, org.springframework.boot.test.autoconfigure.webservices.client.MockWebServiceServerTestExecutionListener, org.springframework.boot.test.mock.mockito.MockitoTestExecutionListener, org.springframework.boot.test.mock.mockito.ResetMocksTestExecutionListener, org.springframework.test.context.web.ServletTestExecutionListener, org.springframework.test.context.support.DirtiesContextBeforeModesTestExecutionListener, org.springframework.test.context.event.ApplicationEventsTestExecutionListener, org.springframework.test.context.support.DependencyInjectionTestExecutionListener, org.springframework.test.context.support.DirtiesContextTestExecutionListener, org.springframework.test.context.transaction.TransactionalTestExecutionListener, org.springframework.test.context.jdbc.SqlScriptsTestExecutionListener, org.springframework.test.context.event.EventPublishingTestExecutionListener]
19:14:04.884 [Test worker] INFO org.springframework.boot.test.context.SpringBootTestContextBootstrapper - Using TestExecutionListeners: [org.springframework.test.context.web.ServletTestExecutionListener@6ac668f, org.springframework.test.context.support.DirtiesContextBeforeModesTestExecutionListener@5062087d, org.springframework.test.context.event.ApplicationEventsTestExecutionListener@417a5645, org.springframework.boot.test.mock.mockito.MockitoTestExecutionListener@17e54ca8, org.springframework.boot.test.autoconfigure.SpringBootDependencyInjectionTestExecutionListener@7298d8c5, org.springframework.test.context.support.DirtiesContextTestExecutionListener@3279170b, org.springframework.test.context.transaction.TransactionalTestExecutionListener@2122b77f, org.springframework.test.context.jdbc.SqlScriptsTestExecutionListener@1c1f3fff, org.springframework.test.context.event.EventPublishingTestExecutionListener@28f58249, org.springframework.boot.test.autoconfigure.restdocs.RestDocsTestExecutionListener@524e0913, org.springframework.boot.test.autoconfigure.web.client.MockRestServiceServerResetTestExecutionListener@66e3d56a, org.springframework.boot.test.autoconfigure.web.servlet.MockMvcPrintOnlyOnFailureTestExecutionListener@366fe8e, org.springframework.boot.test.autoconfigure.web.servlet.WebDriverTestExecutionListener@705d361, org.springframework.boot.test.autoconfigure.webservices.client.MockWebServiceServerTestExecutionListener@25215403, org.springframework.boot.test.mock.mockito.ResetMocksTestExecutionListener@5d118d48]
19:14:04.886 [Test worker] DEBUG org.springframework.test.context.support.AbstractDirtiesContextTestExecutionListener - Before test class: context [DefaultTestContext@1fb917e6 testClass = BciApplicationTest, testInstance = [null], testMethod = [null], testException = [null], mergedContextConfiguration = [WebMergedContextConfiguration@45eddb4f testClass = BciApplicationTest, locations = '{}', classes = '{class cl.com.bci.BciApplication}', contextInitializerClasses = '[]', activeProfiles = '{}', propertySourceLocations = '{}', propertySourceProperties = '{org.springframework.boot.test.context.SpringBootTestContextBootstrapper=true}', contextCustomizers = set[org.springframework.boot.test.autoconfigure.actuate.metrics.MetricsExportContextCustomizerFactory$DisableMetricExportContextCustomizer@b81b58d, org.springframework.boot.test.autoconfigure.properties.PropertyMappingContextCustomizer@0, org.springframework.boot.test.autoconfigure.web.servlet.WebDriverContextCustomizerFactory$Customizer@7b475152, org.springframework.boot.test.context.filter.ExcludeFilterContextCustomizer@5ebf85d, org.springframework.boot.test.json.DuplicateJsonObjectContextCustomizerFactory$DuplicateJsonObjectContextCustomizer@5b377f9a, org.springframework.boot.test.mock.mockito.MockitoContextCustomizer@0, org.springframework.boot.test.web.client.TestRestTemplateContextCustomizer@26bc0941, org.springframework.boot.test.context.SpringBootTestArgs@1, org.springframework.boot.test.context.SpringBootTestWebEnvironment@34610793], resourceBasePath = 'src/main/webapp', contextLoader = 'org.springframework.boot.test.context.SpringBootContextLoader', parent = [null]], attributes = map['org.springframework.test.context.web.ServletTestExecutionListener.activateListener' -> true]], class annotated with @DirtiesContext [false] with mode [null].

  .   ____          _            __ _ _
 /\\ / ___'_ __ _ _(_)_ __  __ _ \ \ \ \
( ( )\___ | '_ | '_| | '_ \/ _` | \ \ \ \
 \\/  ___)| |_)| | | | | || (_| |  ) ) ) )
  '  |____| .__|_| |_|_| |_\__, | / / / /
 =========|_|==============|___/=/_/_/_/
 :: Spring Boot ::                (v2.7.3)

2023-06-13 19:14:05.080  INFO 19177 --- [    Test worker] cl.com.bci.BciApplicationTest            : Starting BciApplicationTest using Java 11.0.18 on MCEXE6XA3.corporacionbci.cl with PID 19177 (started by exdmace in /Users/exdmace/Desarrollo/workspace/bci)
2023-06-13 19:14:05.081  INFO 19177 --- [    Test worker] cl.com.bci.BciApplicationTest            : No active profile set, falling back to 1 default profile: "default"
2023-06-13 19:14:05.287  INFO 19177 --- [    Test worker] .s.d.r.c.RepositoryConfigurationDelegate : Bootstrapping Spring Data JPA repositories in DEFAULT mode.
2023-06-13 19:14:05.305  INFO 19177 --- [    Test worker] .s.d.r.c.RepositoryConfigurationDelegate : Finished Spring Data repository scanning in 14 ms. Found 1 JPA repository interfaces.
2023-06-13 19:14:05.531  INFO 19177 --- [    Test worker] com.zaxxer.hikari.HikariDataSource       : HikariPool-1 - Starting...
2023-06-13 19:14:05.654  INFO 19177 --- [    Test worker] com.zaxxer.hikari.HikariDataSource       : HikariPool-1 - Start completed.
2023-06-13 19:14:05.720  INFO 19177 --- [    Test worker] o.hibernate.jpa.internal.util.LogHelper  : HHH000204: Processing PersistenceUnitInfo [name: default]
2023-06-13 19:14:05.741  INFO 19177 --- [    Test worker] org.hibernate.Version                    : HHH000412: Hibernate ORM core version 5.6.10.Final
2023-06-13 19:14:05.809  INFO 19177 --- [    Test worker] o.hibernate.annotations.common.Version   : HCANN000001: Hibernate Commons Annotations {5.1.2.Final}
2023-06-13 19:14:05.854  INFO 19177 --- [    Test worker] org.hibernate.dialect.Dialect            : HHH000400: Using dialect: org.hibernate.dialect.H2Dialect
2023-06-13 19:14:06.119  INFO 19177 --- [    Test worker] o.h.e.t.j.p.i.JtaPlatformInitiator       : HHH000490: Using JtaPlatform implementation: [org.hibernate.engine.transaction.jta.platform.internal.NoJtaPlatform]
2023-06-13 19:14:06.125  INFO 19177 --- [    Test worker] j.LocalContainerEntityManagerFactoryBean : Initialized JPA EntityManagerFactory for persistence unit 'default'
2023-06-13 19:14:06.284  WARN 19177 --- [    Test worker] .s.s.UserDetailsServiceAutoConfiguration : 

Using generated security password: 23b52acb-ba61-46ab-aef0-cd79ec47dbcf

This generated password is for development use only. Your security configuration must be updated before running your application in production.

2023-06-13 19:14:06.351  INFO 19177 --- [    Test worker] o.s.s.web.DefaultSecurityFilterChain     : Will secure any request with [org.springframework.security.web.session.DisableEncodeUrlFilter@6704e965, org.springframework.security.web.context.request.async.WebAsyncManagerIntegrationFilter@51af807d, org.springframework.security.web.context.SecurityContextPersistenceFilter@2ebc7473, org.springframework.security.web.header.HeaderWriterFilter@7ede8de1, org.springframework.security.web.authentication.logout.LogoutFilter@75482c06, org.springframework.security.web.savedrequest.RequestCacheAwareFilter@1fdcdc50, org.springframework.security.web.servletapi.SecurityContextHolderAwareRequestFilter@528e3c34, org.springframework.security.web.authentication.AnonymousAuthenticationFilter@779991b9, org.springframework.security.web.session.SessionManagementFilter@3e1b934b, org.springframework.security.web.access.ExceptionTranslationFilter@3921b948, org.springframework.security.web.access.intercept.FilterSecurityInterceptor@3aa91b55]
2023-06-13 19:14:06.443  WARN 19177 --- [    Test worker] JpaBaseConfiguration$JpaWebConfiguration : spring.jpa.open-in-view is enabled by default. Therefore, database queries may be performed during view rendering. Explicitly configure spring.jpa.open-in-view to disable this warning
2023-06-13 19:14:06.541  INFO 19177 --- [    Test worker] o.s.b.a.h2.H2ConsoleAutoConfiguration    : H2 console available at '/h2-console'. Database available at 'jdbc:h2:mem:dcbapp'
2023-06-13 19:14:06.652  INFO 19177 --- [    Test worker] cl.com.bci.BciApplicationTest            : Started BciApplicationTest in 1.75 seconds (JVM running for 2.36)
]]></system-out>
  <system-err><![CDATA[]]></system-err>
</testsuite>
