<?xml version="1.0" encoding="UTF-8"?>
<testsuite name="cl.com.bci.BciApplicationTest" tests="1" skipped="0" failures="0" errors="0" timestamp="2022-08-22T16:42:00" hostname="EZE1-LLN-B05105" time="0.237">
  <properties/>
  <testcase name="contextLoads()" classname="cl.com.bci.BciApplicationTest" time="0.237"/>
  <system-out><![CDATA[13:41:56.411 [Test worker] DEBUG org.springframework.test.context.BootstrapUtils - Instantiating CacheAwareContextLoaderDelegate from class [org.springframework.test.context.cache.DefaultCacheAwareContextLoaderDelegate]
13:41:56.421 [Test worker] DEBUG org.springframework.test.context.BootstrapUtils - Instantiating BootstrapContext using constructor [public org.springframework.test.context.support.DefaultBootstrapContext(java.lang.Class,org.springframework.test.context.CacheAwareContextLoaderDelegate)]
13:41:56.451 [Test worker] DEBUG org.springframework.test.context.BootstrapUtils - Instantiating TestContextBootstrapper for test class [cl.com.bci.BciApplicationTest] from class [org.springframework.boot.test.context.SpringBootTestContextBootstrapper]
13:41:56.459 [Test worker] INFO org.springframework.boot.test.context.SpringBootTestContextBootstrapper - Neither @ContextConfiguration nor @ContextHierarchy found for test class [cl.com.bci.BciApplicationTest], using SpringBootContextLoader
13:41:56.463 [Test worker] DEBUG org.springframework.test.context.support.AbstractContextLoader - Did not detect default resource location for test class [cl.com.bci.BciApplicationTest]: class path resource [cl/com/bci/BciApplicationTest-context.xml] does not exist
13:41:56.463 [Test worker] DEBUG org.springframework.test.context.support.AbstractContextLoader - Did not detect default resource location for test class [cl.com.bci.BciApplicationTest]: class path resource [cl/com/bci/BciApplicationTestContext.groovy] does not exist
13:41:56.463 [Test worker] INFO org.springframework.test.context.support.AbstractContextLoader - Could not detect default resource locations for test class [cl.com.bci.BciApplicationTest]: no resource found for suffixes {-context.xml, Context.groovy}.
13:41:56.464 [Test worker] INFO org.springframework.test.context.support.AnnotationConfigContextLoaderUtils - Could not detect default configuration classes for test class [cl.com.bci.BciApplicationTest]: BciApplicationTest does not declare any static, non-private, non-final, nested classes annotated with @Configuration.
13:41:56.495 [Test worker] DEBUG org.springframework.test.context.support.ActiveProfilesUtils - Could not find an 'annotation declaring class' for annotation type [org.springframework.test.context.ActiveProfiles] and class [cl.com.bci.BciApplicationTest]
13:41:56.550 [Test worker] DEBUG org.springframework.context.annotation.ClassPathScanningCandidateComponentProvider - Identified candidate component class: file [C:\eclipse-workspace\bci\build\classes\java\main\cl\com\bci\BciApplication.class]
13:41:56.551 [Test worker] INFO org.springframework.boot.test.context.SpringBootTestContextBootstrapper - Found @SpringBootConfiguration cl.com.bci.BciApplication for test class cl.com.bci.BciApplicationTest
13:41:56.655 [Test worker] DEBUG org.springframework.boot.test.context.SpringBootTestContextBootstrapper - @TestExecutionListeners is not present for class [cl.com.bci.BciApplicationTest]: using defaults.
13:41:56.656 [Test worker] INFO org.springframework.boot.test.context.SpringBootTestContextBootstrapper - Loaded default TestExecutionListener class names from location [META-INF/spring.factories]: [org.springframework.boot.test.autoconfigure.restdocs.RestDocsTestExecutionListener, org.springframework.boot.test.autoconfigure.web.client.MockRestServiceServerResetTestExecutionListener, org.springframework.boot.test.autoconfigure.web.servlet.MockMvcPrintOnlyOnFailureTestExecutionListener, org.springframework.boot.test.autoconfigure.web.servlet.WebDriverTestExecutionListener, org.springframework.boot.test.autoconfigure.webservices.client.MockWebServiceServerTestExecutionListener, org.springframework.boot.test.mock.mockito.MockitoTestExecutionListener, org.springframework.boot.test.mock.mockito.ResetMocksTestExecutionListener, org.springframework.test.context.web.ServletTestExecutionListener, org.springframework.test.context.support.DirtiesContextBeforeModesTestExecutionListener, org.springframework.test.context.event.ApplicationEventsTestExecutionListener, org.springframework.test.context.support.DependencyInjectionTestExecutionListener, org.springframework.test.context.support.DirtiesContextTestExecutionListener, org.springframework.test.context.transaction.TransactionalTestExecutionListener, org.springframework.test.context.jdbc.SqlScriptsTestExecutionListener, org.springframework.test.context.event.EventPublishingTestExecutionListener]
13:41:56.668 [Test worker] INFO org.springframework.boot.test.context.SpringBootTestContextBootstrapper - Using TestExecutionListeners: [org.springframework.test.context.web.ServletTestExecutionListener@437e951d, org.springframework.test.context.support.DirtiesContextBeforeModesTestExecutionListener@77b325b3, org.springframework.test.context.event.ApplicationEventsTestExecutionListener@63a5e46c, org.springframework.boot.test.mock.mockito.MockitoTestExecutionListener@7e8e8651, org.springframework.boot.test.autoconfigure.SpringBootDependencyInjectionTestExecutionListener@49ef32e0, org.springframework.test.context.support.DirtiesContextTestExecutionListener@271f18d3, org.springframework.test.context.transaction.TransactionalTestExecutionListener@6bd51ed8, org.springframework.test.context.jdbc.SqlScriptsTestExecutionListener@61e3a1fd, org.springframework.test.context.event.EventPublishingTestExecutionListener@51abf713, org.springframework.boot.test.autoconfigure.restdocs.RestDocsTestExecutionListener@eadb475, org.springframework.boot.test.autoconfigure.web.client.MockRestServiceServerResetTestExecutionListener@4d4d48a6, org.springframework.boot.test.autoconfigure.web.servlet.MockMvcPrintOnlyOnFailureTestExecutionListener@315df4bb, org.springframework.boot.test.autoconfigure.web.servlet.WebDriverTestExecutionListener@3fc08eec, org.springframework.boot.test.autoconfigure.webservices.client.MockWebServiceServerTestExecutionListener@5cad8b7d, org.springframework.boot.test.mock.mockito.ResetMocksTestExecutionListener@7b02e036]
13:41:56.671 [Test worker] DEBUG org.springframework.test.context.support.AbstractDirtiesContextTestExecutionListener - Before test class: context [DefaultTestContext@79c4715d testClass = BciApplicationTest, testInstance = [null], testMethod = [null], testException = [null], mergedContextConfiguration = [WebMergedContextConfiguration@5aa360ea testClass = BciApplicationTest, locations = '{}', classes = '{class cl.com.bci.BciApplication}', contextInitializerClasses = '[]', activeProfiles = '{}', propertySourceLocations = '{}', propertySourceProperties = '{org.springframework.boot.test.context.SpringBootTestContextBootstrapper=true}', contextCustomizers = set[org.springframework.boot.test.autoconfigure.actuate.metrics.MetricsExportContextCustomizerFactory$DisableMetricExportContextCustomizer@41813449, org.springframework.boot.test.autoconfigure.properties.PropertyMappingContextCustomizer@0, org.springframework.boot.test.autoconfigure.web.servlet.WebDriverContextCustomizerFactory$Customizer@5bfa8cc5, org.springframework.boot.test.context.filter.ExcludeFilterContextCustomizer@3b220bcb, org.springframework.boot.test.json.DuplicateJsonObjectContextCustomizerFactory$DuplicateJsonObjectContextCustomizer@12bfd80d, org.springframework.boot.test.mock.mockito.MockitoContextCustomizer@0, org.springframework.boot.test.web.client.TestRestTemplateContextCustomizer@60f7cc1d, org.springframework.boot.test.context.SpringBootTestArgs@1, org.springframework.boot.test.context.SpringBootTestWebEnvironment@e3c0e40], resourceBasePath = 'src/main/webapp', contextLoader = 'org.springframework.boot.test.context.SpringBootContextLoader', parent = [null]], attributes = map['org.springframework.test.context.web.ServletTestExecutionListener.activateListener' -> true]], class annotated with @DirtiesContext [false] with mode [null].

  .   ____          _            __ _ _
 /\\ / ___'_ __ _ _(_)_ __  __ _ \ \ \ \
( ( )\___ | '_ | '_| | '_ \/ _` | \ \ \ \
 \\/  ___)| |_)| | | | | || (_| |  ) ) ) )
  '  |____| .__|_| |_|_| |_\__, | / / / /
 =========|_|==============|___/=/_/_/_/
 :: Spring Boot ::                (v2.7.3)

2022-08-22 13:41:56.934  INFO 9132 --- [    Test worker] cl.com.bci.BciApplicationTest            : Starting BciApplicationTest using Java 17.0.4 on EZE1-LLN-B05105 with PID 9132 (started by diego.maceira in C:\eclipse-workspace\bci)
2022-08-22 13:41:56.936  INFO 9132 --- [    Test worker] cl.com.bci.BciApplicationTest            : No active profile set, falling back to 1 default profile: "default"
2022-08-22 13:41:57.414  INFO 9132 --- [    Test worker] .s.d.r.c.RepositoryConfigurationDelegate : Bootstrapping Spring Data JPA repositories in DEFAULT mode.
2022-08-22 13:41:57.456  INFO 9132 --- [    Test worker] .s.d.r.c.RepositoryConfigurationDelegate : Finished Spring Data repository scanning in 33 ms. Found 1 JPA repository interfaces.
2022-08-22 13:41:58.012  INFO 9132 --- [    Test worker] com.zaxxer.hikari.HikariDataSource       : HikariPool-1 - Starting...
2022-08-22 13:41:58.276  INFO 9132 --- [    Test worker] com.zaxxer.hikari.HikariDataSource       : HikariPool-1 - Start completed.
2022-08-22 13:41:58.450  INFO 9132 --- [    Test worker] o.hibernate.jpa.internal.util.LogHelper  : HHH000204: Processing PersistenceUnitInfo [name: default]
2022-08-22 13:41:58.501  INFO 9132 --- [    Test worker] org.hibernate.Version                    : HHH000412: Hibernate ORM core version 5.6.10.Final
2022-08-22 13:41:58.738  INFO 9132 --- [    Test worker] o.hibernate.annotations.common.Version   : HCANN000001: Hibernate Commons Annotations {5.1.2.Final}
2022-08-22 13:41:58.927  INFO 9132 --- [    Test worker] org.hibernate.dialect.Dialect            : HHH000400: Using dialect: org.hibernate.dialect.H2Dialect
2022-08-22 13:41:59.458  INFO 9132 --- [    Test worker] o.h.e.t.j.p.i.JtaPlatformInitiator       : HHH000490: Using JtaPlatform implementation: [org.hibernate.engine.transaction.jta.platform.internal.NoJtaPlatform]
2022-08-22 13:41:59.465  INFO 9132 --- [    Test worker] j.LocalContainerEntityManagerFactoryBean : Initialized JPA EntityManagerFactory for persistence unit 'default'
2022-08-22 13:42:00.149  WARN 9132 --- [    Test worker] JpaBaseConfiguration$JpaWebConfiguration : spring.jpa.open-in-view is enabled by default. Therefore, database queries may be performed during view rendering. Explicitly configure spring.jpa.open-in-view to disable this warning
2022-08-22 13:42:00.529  INFO 9132 --- [    Test worker] o.s.b.a.h2.H2ConsoleAutoConfiguration    : H2 console available at '/h2-console'. Database available at 'jdbc:h2:mem:dcbapp'
2022-08-22 13:42:00.931  INFO 9132 --- [    Test worker] cl.com.bci.BciApplicationTest            : Started BciApplicationTest in 4.224 seconds (JVM running for 5.362)
]]></system-out>
  <system-err><![CDATA[]]></system-err>
</testsuite>
