<?xml version="1.0" encoding="UTF-8"?>
<testsuite name="cl.com.bci.BciApplicationTest" tests="1" skipped="0" failures="0" errors="0" timestamp="2023-06-13T18:44:57" hostname="MCEXE6XA3.corporacionbci.cl" time="0.042">
  <properties/>
  <testcase name="contextLoads()" classname="cl.com.bci.BciApplicationTest" time="0.042"/>
  <system-out><![CDATA[15:44:55.403 [Test worker] DEBUG org.springframework.test.context.BootstrapUtils - Instantiating CacheAwareContextLoaderDelegate from class [org.springframework.test.context.cache.DefaultCacheAwareContextLoaderDelegate]
15:44:55.407 [Test worker] DEBUG org.springframework.test.context.BootstrapUtils - Instantiating BootstrapContext using constructor [public org.springframework.test.context.support.DefaultBootstrapContext(java.lang.Class,org.springframework.test.context.CacheAwareContextLoaderDelegate)]
15:44:55.420 [Test worker] DEBUG org.springframework.test.context.BootstrapUtils - Instantiating TestContextBootstrapper for test class [cl.com.bci.BciApplicationTest] from class [org.springframework.boot.test.context.SpringBootTestContextBootstrapper]
15:44:55.423 [Test worker] INFO org.springframework.boot.test.context.SpringBootTestContextBootstrapper - Neither @ContextConfiguration nor @ContextHierarchy found for test class [cl.com.bci.BciApplicationTest], using SpringBootContextLoader
15:44:55.425 [Test worker] DEBUG org.springframework.test.context.support.AbstractContextLoader - Did not detect default resource location for test class [cl.com.bci.BciApplicationTest]: class path resource [cl/com/bci/BciApplicationTest-context.xml] does not exist
15:44:55.425 [Test worker] DEBUG org.springframework.test.context.support.AbstractContextLoader - Did not detect default resource location for test class [cl.com.bci.BciApplicationTest]: class path resource [cl/com/bci/BciApplicationTestContext.groovy] does not exist
15:44:55.425 [Test worker] INFO org.springframework.test.context.support.AbstractContextLoader - Could not detect default resource locations for test class [cl.com.bci.BciApplicationTest]: no resource found for suffixes {-context.xml, Context.groovy}.
15:44:55.425 [Test worker] INFO org.springframework.test.context.support.AnnotationConfigContextLoaderUtils - Could not detect default configuration classes for test class [cl.com.bci.BciApplicationTest]: BciApplicationTest does not declare any static, non-private, non-final, nested classes annotated with @Configuration.
15:44:55.440 [Test worker] DEBUG org.springframework.test.context.support.ActiveProfilesUtils - Could not find an 'annotation declaring class' for annotation type [org.springframework.test.context.ActiveProfiles] and class [cl.com.bci.BciApplicationTest]
15:44:55.464 [Test worker] DEBUG org.springframework.context.annotation.ClassPathScanningCandidateComponentProvider - Identified candidate component class: file [/Users/exdmace/Desarrollo/workspace/bci/build/classes/java/main/cl/com/bci/BciApplication.class]
15:44:55.466 [Test worker] INFO org.springframework.boot.test.context.SpringBootTestContextBootstrapper - Found @SpringBootConfiguration cl.com.bci.BciApplication for test class cl.com.bci.BciApplicationTest
15:44:55.500 [Test worker] DEBUG org.springframework.boot.test.context.SpringBootTestContextBootstrapper - @TestExecutionListeners is not present for class [cl.com.bci.BciApplicationTest]: using defaults.
15:44:55.500 [Test worker] INFO org.springframework.boot.test.context.SpringBootTestContextBootstrapper - Loaded default TestExecutionListener class names from location [META-INF/spring.factories]: [org.springframework.boot.test.autoconfigure.restdocs.RestDocsTestExecutionListener, org.springframework.boot.test.autoconfigure.web.client.MockRestServiceServerResetTestExecutionListener, org.springframework.boot.test.autoconfigure.web.servlet.MockMvcPrintOnlyOnFailureTestExecutionListener, org.springframework.boot.test.autoconfigure.web.servlet.WebDriverTestExecutionListener, org.springframework.boot.test.autoconfigure.webservices.client.MockWebServiceServerTestExecutionListener, org.springframework.boot.test.mock.mockito.MockitoTestExecutionListener, org.springframework.boot.test.mock.mockito.ResetMocksTestExecutionListener, org.springframework.test.context.web.ServletTestExecutionListener, org.springframework.test.context.support.DirtiesContextBeforeModesTestExecutionListener, org.springframework.test.context.event.ApplicationEventsTestExecutionListener, org.springframework.test.context.support.DependencyInjectionTestExecutionListener, org.springframework.test.context.support.DirtiesContextTestExecutionListener, org.springframework.test.context.transaction.TransactionalTestExecutionListener, org.springframework.test.context.jdbc.SqlScriptsTestExecutionListener, org.springframework.test.context.event.EventPublishingTestExecutionListener]
15:44:55.506 [Test worker] INFO org.springframework.boot.test.context.SpringBootTestContextBootstrapper - Using TestExecutionListeners: [org.springframework.test.context.web.ServletTestExecutionListener@7ca4c1c2, org.springframework.test.context.support.DirtiesContextBeforeModesTestExecutionListener@7530eabc, org.springframework.test.context.event.ApplicationEventsTestExecutionListener@21cbd504, org.springframework.boot.test.mock.mockito.MockitoTestExecutionListener@73788220, org.springframework.boot.test.autoconfigure.SpringBootDependencyInjectionTestExecutionListener@2908f75c, org.springframework.test.context.support.DirtiesContextTestExecutionListener@5b9f8dcb, org.springframework.test.context.transaction.TransactionalTestExecutionListener@24831049, org.springframework.test.context.jdbc.SqlScriptsTestExecutionListener@135dff7b, org.springframework.test.context.event.EventPublishingTestExecutionListener@7d01485b, org.springframework.boot.test.autoconfigure.restdocs.RestDocsTestExecutionListener@5a5763e5, org.springframework.boot.test.autoconfigure.web.client.MockRestServiceServerResetTestExecutionListener@666a21be, org.springframework.boot.test.autoconfigure.web.servlet.MockMvcPrintOnlyOnFailureTestExecutionListener@1ab0bc2f, org.springframework.boot.test.autoconfigure.web.servlet.WebDriverTestExecutionListener@6d847cb2, org.springframework.boot.test.autoconfigure.webservices.client.MockWebServiceServerTestExecutionListener@cad62ac, org.springframework.boot.test.mock.mockito.ResetMocksTestExecutionListener@3b7dc556]
15:44:55.507 [Test worker] DEBUG org.springframework.test.context.support.AbstractDirtiesContextTestExecutionListener - Before test class: context [DefaultTestContext@79c52ab0 testClass = BciApplicationTest, testInstance = [null], testMethod = [null], testException = [null], mergedContextConfiguration = [WebMergedContextConfiguration@3c9c73e2 testClass = BciApplicationTest, locations = '{}', classes = '{class cl.com.bci.BciApplication}', contextInitializerClasses = '[]', activeProfiles = '{}', propertySourceLocations = '{}', propertySourceProperties = '{org.springframework.boot.test.context.SpringBootTestContextBootstrapper=true}', contextCustomizers = set[org.springframework.boot.test.autoconfigure.actuate.metrics.MetricsExportContextCustomizerFactory$DisableMetricExportContextCustomizer@92167f7, org.springframework.boot.test.autoconfigure.properties.PropertyMappingContextCustomizer@0, org.springframework.boot.test.autoconfigure.web.servlet.WebDriverContextCustomizerFactory$Customizer@713a9295, org.springframework.boot.test.context.filter.ExcludeFilterContextCustomizer@75cbbf7b, org.springframework.boot.test.json.DuplicateJsonObjectContextCustomizerFactory$DuplicateJsonObjectContextCustomizer@52743caf, org.springframework.boot.test.mock.mockito.MockitoContextCustomizer@0, org.springframework.boot.test.web.client.TestRestTemplateContextCustomizer@6d7f5c3, org.springframework.boot.test.context.SpringBootTestArgs@1, org.springframework.boot.test.context.SpringBootTestWebEnvironment@126da61b], resourceBasePath = 'src/main/webapp', contextLoader = 'org.springframework.boot.test.context.SpringBootContextLoader', parent = [null]], attributes = map['org.springframework.test.context.web.ServletTestExecutionListener.activateListener' -> true]], class annotated with @DirtiesContext [false] with mode [null].

  .   ____          _            __ _ _
 /\\ / ___'_ __ _ _(_)_ __  __ _ \ \ \ \
( ( )\___ | '_ | '_| | '_ \/ _` | \ \ \ \
 \\/  ___)| |_)| | | | | || (_| |  ) ) ) )
  '  |____| .__|_| |_|_| |_\__, | / / / /
 =========|_|==============|___/=/_/_/_/
 :: Spring Boot ::                (v2.7.3)

2023-06-13 15:44:55.660  INFO 2509 --- [    Test worker] cl.com.bci.BciApplicationTest            : Starting BciApplicationTest using Java 11.0.18 on MCEXE6XA3.corporacionbci.cl with PID 2509 (started by exdmace in /Users/exdmace/Desarrollo/workspace/bci)
2023-06-13 15:44:55.660  INFO 2509 --- [    Test worker] cl.com.bci.BciApplicationTest            : No active profile set, falling back to 1 default profile: "default"
2023-06-13 15:44:55.878  INFO 2509 --- [    Test worker] .s.d.r.c.RepositoryConfigurationDelegate : Bootstrapping Spring Data JPA repositories in DEFAULT mode.
2023-06-13 15:44:55.896  INFO 2509 --- [    Test worker] .s.d.r.c.RepositoryConfigurationDelegate : Finished Spring Data repository scanning in 15 ms. Found 1 JPA repository interfaces.
2023-06-13 15:44:56.150  INFO 2509 --- [    Test worker] com.zaxxer.hikari.HikariDataSource       : HikariPool-1 - Starting...
2023-06-13 15:44:56.277  INFO 2509 --- [    Test worker] com.zaxxer.hikari.HikariDataSource       : HikariPool-1 - Start completed.
2023-06-13 15:44:56.344  INFO 2509 --- [    Test worker] o.hibernate.jpa.internal.util.LogHelper  : HHH000204: Processing PersistenceUnitInfo [name: default]
2023-06-13 15:44:56.362  INFO 2509 --- [    Test worker] org.hibernate.Version                    : HHH000412: Hibernate ORM core version 5.6.10.Final
2023-06-13 15:44:56.440  INFO 2509 --- [    Test worker] o.hibernate.annotations.common.Version   : HCANN000001: Hibernate Commons Annotations {5.1.2.Final}
2023-06-13 15:44:56.488  INFO 2509 --- [    Test worker] org.hibernate.dialect.Dialect            : HHH000400: Using dialect: org.hibernate.dialect.H2Dialect
2023-06-13 15:44:56.767  INFO 2509 --- [    Test worker] o.h.e.t.j.p.i.JtaPlatformInitiator       : HHH000490: Using JtaPlatform implementation: [org.hibernate.engine.transaction.jta.platform.internal.NoJtaPlatform]
2023-06-13 15:44:56.774  INFO 2509 --- [    Test worker] j.LocalContainerEntityManagerFactoryBean : Initialized JPA EntityManagerFactory for persistence unit 'default'
2023-06-13 15:44:56.942  WARN 2509 --- [    Test worker] .s.s.UserDetailsServiceAutoConfiguration : 

Using generated security password: be1b597f-7b09-47f1-841d-a7a18fef429d

This generated password is for development use only. Your security configuration must be updated before running your application in production.

2023-06-13 15:44:57.018  INFO 2509 --- [    Test worker] o.s.s.web.DefaultSecurityFilterChain     : Will secure any request with [org.springframework.security.web.session.DisableEncodeUrlFilter@367fe773, org.springframework.security.web.context.request.async.WebAsyncManagerIntegrationFilter@36a6b5f1, org.springframework.security.web.context.SecurityContextPersistenceFilter@da2874a, org.springframework.security.web.header.HeaderWriterFilter@4b71e5bc, org.springframework.security.web.authentication.logout.LogoutFilter@29059336, org.springframework.security.web.savedrequest.RequestCacheAwareFilter@6355063a, org.springframework.security.web.servletapi.SecurityContextHolderAwareRequestFilter@7a5445cd, org.springframework.security.web.authentication.AnonymousAuthenticationFilter@3cf1595f, org.springframework.security.web.session.SessionManagementFilter@6bb0d454, org.springframework.security.web.access.ExceptionTranslationFilter@162e0327, org.springframework.security.web.access.intercept.FilterSecurityInterceptor@1d0a9ba1]
2023-06-13 15:44:57.115  WARN 2509 --- [    Test worker] JpaBaseConfiguration$JpaWebConfiguration : spring.jpa.open-in-view is enabled by default. Therefore, database queries may be performed during view rendering. Explicitly configure spring.jpa.open-in-view to disable this warning
2023-06-13 15:44:57.211  INFO 2509 --- [    Test worker] o.s.b.a.h2.H2ConsoleAutoConfiguration    : H2 console available at '/h2-console'. Database available at 'jdbc:h2:mem:dcbapp'
2023-06-13 15:44:57.331  INFO 2509 --- [    Test worker] cl.com.bci.BciApplicationTest            : Started BciApplicationTest in 1.808 seconds (JVM running for 2.37)
]]></system-out>
  <system-err><![CDATA[]]></system-err>
</testsuite>
