<?xml version="1.0" encoding="UTF-8"?>
<testsuite name="cl.com.bci.BciApplicationTest" tests="1" skipped="0" failures="0" errors="0" timestamp="2022-08-23T12:55:34" hostname="EZE1-LLN-B05105" time="0.353">
  <properties/>
  <testcase name="contextLoads()" classname="cl.com.bci.BciApplicationTest" time="0.353"/>
  <system-out><![CDATA[09:55:26.814 [Test worker] DEBUG org.springframework.test.context.BootstrapUtils - Instantiating CacheAwareContextLoaderDelegate from class [org.springframework.test.context.cache.DefaultCacheAwareContextLoaderDelegate]
09:55:26.823 [Test worker] DEBUG org.springframework.test.context.BootstrapUtils - Instantiating BootstrapContext using constructor [public org.springframework.test.context.support.DefaultBootstrapContext(java.lang.Class,org.springframework.test.context.CacheAwareContextLoaderDelegate)]
09:55:26.854 [Test worker] DEBUG org.springframework.test.context.BootstrapUtils - Instantiating TestContextBootstrapper for test class [cl.com.bci.BciApplicationTest] from class [org.springframework.boot.test.context.SpringBootTestContextBootstrapper]
09:55:26.863 [Test worker] INFO org.springframework.boot.test.context.SpringBootTestContextBootstrapper - Neither @ContextConfiguration nor @ContextHierarchy found for test class [cl.com.bci.BciApplicationTest], using SpringBootContextLoader
09:55:26.866 [Test worker] DEBUG org.springframework.test.context.support.AbstractContextLoader - Did not detect default resource location for test class [cl.com.bci.BciApplicationTest]: class path resource [cl/com/bci/BciApplicationTest-context.xml] does not exist
09:55:26.866 [Test worker] DEBUG org.springframework.test.context.support.AbstractContextLoader - Did not detect default resource location for test class [cl.com.bci.BciApplicationTest]: class path resource [cl/com/bci/BciApplicationTestContext.groovy] does not exist
09:55:26.867 [Test worker] INFO org.springframework.test.context.support.AbstractContextLoader - Could not detect default resource locations for test class [cl.com.bci.BciApplicationTest]: no resource found for suffixes {-context.xml, Context.groovy}.
09:55:26.867 [Test worker] INFO org.springframework.test.context.support.AnnotationConfigContextLoaderUtils - Could not detect default configuration classes for test class [cl.com.bci.BciApplicationTest]: BciApplicationTest does not declare any static, non-private, non-final, nested classes annotated with @Configuration.
09:55:26.911 [Test worker] DEBUG org.springframework.test.context.support.ActiveProfilesUtils - Could not find an 'annotation declaring class' for annotation type [org.springframework.test.context.ActiveProfiles] and class [cl.com.bci.BciApplicationTest]
09:55:26.968 [Test worker] DEBUG org.springframework.context.annotation.ClassPathScanningCandidateComponentProvider - Identified candidate component class: file [C:\eclipse-workspace\bci\build\classes\java\main\cl\com\bci\BciApplication.class]
09:55:26.969 [Test worker] INFO org.springframework.boot.test.context.SpringBootTestContextBootstrapper - Found @SpringBootConfiguration cl.com.bci.BciApplication for test class cl.com.bci.BciApplicationTest
09:55:27.102 [Test worker] DEBUG org.springframework.boot.test.context.SpringBootTestContextBootstrapper - @TestExecutionListeners is not present for class [cl.com.bci.BciApplicationTest]: using defaults.
09:55:27.103 [Test worker] INFO org.springframework.boot.test.context.SpringBootTestContextBootstrapper - Loaded default TestExecutionListener class names from location [META-INF/spring.factories]: [org.springframework.boot.test.autoconfigure.restdocs.RestDocsTestExecutionListener, org.springframework.boot.test.autoconfigure.web.client.MockRestServiceServerResetTestExecutionListener, org.springframework.boot.test.autoconfigure.web.servlet.MockMvcPrintOnlyOnFailureTestExecutionListener, org.springframework.boot.test.autoconfigure.web.servlet.WebDriverTestExecutionListener, org.springframework.boot.test.autoconfigure.webservices.client.MockWebServiceServerTestExecutionListener, org.springframework.boot.test.mock.mockito.MockitoTestExecutionListener, org.springframework.boot.test.mock.mockito.ResetMocksTestExecutionListener, org.springframework.test.context.web.ServletTestExecutionListener, org.springframework.test.context.support.DirtiesContextBeforeModesTestExecutionListener, org.springframework.test.context.event.ApplicationEventsTestExecutionListener, org.springframework.test.context.support.DependencyInjectionTestExecutionListener, org.springframework.test.context.support.DirtiesContextTestExecutionListener, org.springframework.test.context.transaction.TransactionalTestExecutionListener, org.springframework.test.context.jdbc.SqlScriptsTestExecutionListener, org.springframework.test.context.event.EventPublishingTestExecutionListener]
09:55:27.122 [Test worker] INFO org.springframework.boot.test.context.SpringBootTestContextBootstrapper - Using TestExecutionListeners: [org.springframework.test.context.web.ServletTestExecutionListener@6bd51ed8, org.springframework.test.context.support.DirtiesContextBeforeModesTestExecutionListener@61e3a1fd, org.springframework.test.context.event.ApplicationEventsTestExecutionListener@51abf713, org.springframework.boot.test.mock.mockito.MockitoTestExecutionListener@eadb475, org.springframework.boot.test.autoconfigure.SpringBootDependencyInjectionTestExecutionListener@4d4d48a6, org.springframework.test.context.support.DirtiesContextTestExecutionListener@315df4bb, org.springframework.test.context.transaction.TransactionalTestExecutionListener@3fc08eec, org.springframework.test.context.jdbc.SqlScriptsTestExecutionListener@5cad8b7d, org.springframework.test.context.event.EventPublishingTestExecutionListener@7b02e036, org.springframework.boot.test.autoconfigure.restdocs.RestDocsTestExecutionListener@25243bc1, org.springframework.boot.test.autoconfigure.web.client.MockRestServiceServerResetTestExecutionListener@1e287667, org.springframework.boot.test.autoconfigure.web.servlet.MockMvcPrintOnlyOnFailureTestExecutionListener@2e6ee0bc, org.springframework.boot.test.autoconfigure.web.servlet.WebDriverTestExecutionListener@4201a617, org.springframework.boot.test.autoconfigure.webservices.client.MockWebServiceServerTestExecutionListener@467f77a5, org.springframework.boot.test.mock.mockito.ResetMocksTestExecutionListener@1bb9aa43]
09:55:27.127 [Test worker] DEBUG org.springframework.test.context.support.AbstractDirtiesContextTestExecutionListener - Before test class: context [DefaultTestContext@35e52059 testClass = BciApplicationTest, testInstance = [null], testMethod = [null], testException = [null], mergedContextConfiguration = [WebMergedContextConfiguration@62577d6 testClass = BciApplicationTest, locations = '{}', classes = '{class cl.com.bci.BciApplication}', contextInitializerClasses = '[]', activeProfiles = '{}', propertySourceLocations = '{}', propertySourceProperties = '{org.springframework.boot.test.context.SpringBootTestContextBootstrapper=true}', contextCustomizers = set[org.springframework.boot.test.autoconfigure.actuate.metrics.MetricsExportContextCustomizerFactory$DisableMetricExportContextCustomizer@1fdfafd2, org.springframework.boot.test.autoconfigure.properties.PropertyMappingContextCustomizer@0, org.springframework.boot.test.autoconfigure.web.servlet.WebDriverContextCustomizerFactory$Customizer@2b95e48b, org.springframework.boot.test.context.filter.ExcludeFilterContextCustomizer@41925502, org.springframework.boot.test.json.DuplicateJsonObjectContextCustomizerFactory$DuplicateJsonObjectContextCustomizer@618c5d94, org.springframework.boot.test.mock.mockito.MockitoContextCustomizer@0, org.springframework.boot.test.web.client.TestRestTemplateContextCustomizer@4bff1903, org.springframework.boot.test.context.SpringBootTestArgs@1, org.springframework.boot.test.context.SpringBootTestWebEnvironment@e3c0e40], resourceBasePath = 'src/main/webapp', contextLoader = 'org.springframework.boot.test.context.SpringBootContextLoader', parent = [null]], attributes = map['org.springframework.test.context.web.ServletTestExecutionListener.activateListener' -> true]], class annotated with @DirtiesContext [false] with mode [null].

  .   ____          _            __ _ _
 /\\ / ___'_ __ _ _(_)_ __  __ _ \ \ \ \
( ( )\___ | '_ | '_| | '_ \/ _` | \ \ \ \
 \\/  ___)| |_)| | | | | || (_| |  ) ) ) )
  '  |____| .__|_| |_|_| |_\__, | / / / /
 =========|_|==============|___/=/_/_/_/
 :: Spring Boot ::                (v2.7.3)

2022-08-23 09:55:27.401  INFO 3064 --- [    Test worker] cl.com.bci.BciApplicationTest            : Starting BciApplicationTest using Java 17.0.4 on EZE1-LLN-B05105 with PID 3064 (started by diego.maceira in C:\eclipse-workspace\bci)
2022-08-23 09:55:27.402  INFO 3064 --- [    Test worker] cl.com.bci.BciApplicationTest            : No active profile set, falling back to 1 default profile: "default"
2022-08-23 09:55:27.801  INFO 3064 --- [    Test worker] .s.d.r.c.RepositoryConfigurationDelegate : Bootstrapping Spring Data JPA repositories in DEFAULT mode.
2022-08-23 09:55:27.838  INFO 3064 --- [    Test worker] .s.d.r.c.RepositoryConfigurationDelegate : Finished Spring Data repository scanning in 31 ms. Found 1 JPA repository interfaces.
2022-08-23 09:55:28.568  INFO 3064 --- [    Test worker] com.zaxxer.hikari.HikariDataSource       : HikariPool-1 - Starting...
2022-08-23 09:55:29.101  INFO 3064 --- [    Test worker] com.zaxxer.hikari.HikariDataSource       : HikariPool-1 - Start completed.
2022-08-23 09:55:29.618  INFO 3064 --- [    Test worker] o.hibernate.jpa.internal.util.LogHelper  : HHH000204: Processing PersistenceUnitInfo [name: default]
2022-08-23 09:55:29.825  INFO 3064 --- [    Test worker] org.hibernate.Version                    : HHH000412: Hibernate ORM core version 5.6.10.Final
2022-08-23 09:55:30.825  INFO 3064 --- [    Test worker] o.hibernate.annotations.common.Version   : HCANN000001: Hibernate Commons Annotations {5.1.2.Final}
2022-08-23 09:55:31.366  INFO 3064 --- [    Test worker] org.hibernate.dialect.Dialect            : HHH000400: Using dialect: org.hibernate.dialect.H2Dialect
2022-08-23 09:55:32.535  INFO 3064 --- [    Test worker] o.h.e.t.j.p.i.JtaPlatformInitiator       : HHH000490: Using JtaPlatform implementation: [org.hibernate.engine.transaction.jta.platform.internal.NoJtaPlatform]
2022-08-23 09:55:32.548  INFO 3064 --- [    Test worker] j.LocalContainerEntityManagerFactoryBean : Initialized JPA EntityManagerFactory for persistence unit 'default'
2022-08-23 09:55:33.616  WARN 3064 --- [    Test worker] JpaBaseConfiguration$JpaWebConfiguration : spring.jpa.open-in-view is enabled by default. Therefore, database queries may be performed during view rendering. Explicitly configure spring.jpa.open-in-view to disable this warning
2022-08-23 09:55:34.154  INFO 3064 --- [    Test worker] o.s.b.a.h2.H2ConsoleAutoConfiguration    : H2 console available at '/h2-console'. Database available at 'jdbc:h2:mem:dcbapp'
2022-08-23 09:55:34.726  INFO 3064 --- [    Test worker] cl.com.bci.BciApplicationTest            : Started BciApplicationTest in 7.56 seconds (JVM running for 8.785)
]]></system-out>
  <system-err><![CDATA[]]></system-err>
</testsuite>
