<?xml version="1.0" encoding="UTF-8"?>
<testsuite name="cl.com.service.UserServiceTest" tests="3" skipped="1" failures="0" errors="0" timestamp="2023-06-13T17:31:23" hostname="MCEXE6XA3.corporacionbci.cl" time="0.16">
  <properties/>
  <testcase name="testSave()" classname="cl.com.service.UserServiceTest" time="0.158"/>
  <testcase name="testGetAllUser()" classname="cl.com.service.UserServiceTest" time="0.001"/>
  <testcase name="testGetUserById()" classname="cl.com.service.UserServiceTest" time="0.0">
    <skipped/>
  </testcase>
  <system-out><![CDATA[]]></system-out>
  <system-err><![CDATA[]]></system-err>
</testsuite>
