<?xml version="1.0" encoding="UTF-8"?>
<testsuite name="cl.com.bci.BciApplicationTest" tests="1" skipped="0" failures="0" errors="0" timestamp="2023-06-13T17:23:20" hostname="MCEXE6XA3.corporacionbci.cl" time="0.048">
  <properties/>
  <testcase name="contextLoads()" classname="cl.com.bci.BciApplicationTest" time="0.048"/>
  <system-out><![CDATA[14:23:18.929 [Test worker] DEBUG org.springframework.test.context.BootstrapUtils - Instantiating CacheAwareContextLoaderDelegate from class [org.springframework.test.context.cache.DefaultCacheAwareContextLoaderDelegate]
14:23:18.933 [Test worker] DEBUG org.springframework.test.context.BootstrapUtils - Instantiating BootstrapContext using constructor [public org.springframework.test.context.support.DefaultBootstrapContext(java.lang.Class,org.springframework.test.context.CacheAwareContextLoaderDelegate)]
14:23:18.951 [Test worker] DEBUG org.springframework.test.context.BootstrapUtils - Instantiating TestContextBootstrapper for test class [cl.com.bci.BciApplicationTest] from class [org.springframework.boot.test.context.SpringBootTestContextBootstrapper]
14:23:18.955 [Test worker] INFO org.springframework.boot.test.context.SpringBootTestContextBootstrapper - Neither @ContextConfiguration nor @ContextHierarchy found for test class [cl.com.bci.BciApplicationTest], using SpringBootContextLoader
14:23:18.957 [Test worker] DEBUG org.springframework.test.context.support.AbstractContextLoader - Did not detect default resource location for test class [cl.com.bci.BciApplicationTest]: class path resource [cl/com/bci/BciApplicationTest-context.xml] does not exist
14:23:18.957 [Test worker] DEBUG org.springframework.test.context.support.AbstractContextLoader - Did not detect default resource location for test class [cl.com.bci.BciApplicationTest]: class path resource [cl/com/bci/BciApplicationTestContext.groovy] does not exist
14:23:18.957 [Test worker] INFO org.springframework.test.context.support.AbstractContextLoader - Could not detect default resource locations for test class [cl.com.bci.BciApplicationTest]: no resource found for suffixes {-context.xml, Context.groovy}.
14:23:18.958 [Test worker] INFO org.springframework.test.context.support.AnnotationConfigContextLoaderUtils - Could not detect default configuration classes for test class [cl.com.bci.BciApplicationTest]: BciApplicationTest does not declare any static, non-private, non-final, nested classes annotated with @Configuration.
14:23:18.979 [Test worker] DEBUG org.springframework.test.context.support.ActiveProfilesUtils - Could not find an 'annotation declaring class' for annotation type [org.springframework.test.context.ActiveProfiles] and class [cl.com.bci.BciApplicationTest]
14:23:19.002 [Test worker] DEBUG org.springframework.context.annotation.ClassPathScanningCandidateComponentProvider - Identified candidate component class: file [/Users/exdmace/Desarrollo/workspace/bci/build/classes/java/main/cl/com/bci/BciApplication.class]
14:23:19.003 [Test worker] INFO org.springframework.boot.test.context.SpringBootTestContextBootstrapper - Found @SpringBootConfiguration cl.com.bci.BciApplication for test class cl.com.bci.BciApplicationTest
14:23:19.039 [Test worker] DEBUG org.springframework.boot.test.context.SpringBootTestContextBootstrapper - @TestExecutionListeners is not present for class [cl.com.bci.BciApplicationTest]: using defaults.
14:23:19.039 [Test worker] INFO org.springframework.boot.test.context.SpringBootTestContextBootstrapper - Loaded default TestExecutionListener class names from location [META-INF/spring.factories]: [org.springframework.boot.test.autoconfigure.restdocs.RestDocsTestExecutionListener, org.springframework.boot.test.autoconfigure.web.client.MockRestServiceServerResetTestExecutionListener, org.springframework.boot.test.autoconfigure.web.servlet.MockMvcPrintOnlyOnFailureTestExecutionListener, org.springframework.boot.test.autoconfigure.web.servlet.WebDriverTestExecutionListener, org.springframework.boot.test.autoconfigure.webservices.client.MockWebServiceServerTestExecutionListener, org.springframework.boot.test.mock.mockito.MockitoTestExecutionListener, org.springframework.boot.test.mock.mockito.ResetMocksTestExecutionListener, org.springframework.test.context.web.ServletTestExecutionListener, org.springframework.test.context.support.DirtiesContextBeforeModesTestExecutionListener, org.springframework.test.context.event.ApplicationEventsTestExecutionListener, org.springframework.test.context.support.DependencyInjectionTestExecutionListener, org.springframework.test.context.support.DirtiesContextTestExecutionListener, org.springframework.test.context.transaction.TransactionalTestExecutionListener, org.springframework.test.context.jdbc.SqlScriptsTestExecutionListener, org.springframework.test.context.event.EventPublishingTestExecutionListener]
14:23:19.045 [Test worker] INFO org.springframework.boot.test.context.SpringBootTestContextBootstrapper - Using TestExecutionListeners: [org.springframework.test.context.web.ServletTestExecutionListener@1ab0bc2f, org.springframework.test.context.support.DirtiesContextBeforeModesTestExecutionListener@6d847cb2, org.springframework.test.context.event.ApplicationEventsTestExecutionListener@cad62ac, org.springframework.boot.test.mock.mockito.MockitoTestExecutionListener@3b7dc556, org.springframework.boot.test.autoconfigure.SpringBootDependencyInjectionTestExecutionListener@243357d2, org.springframework.test.context.support.DirtiesContextTestExecutionListener@6a9cde0a, org.springframework.test.context.transaction.TransactionalTestExecutionListener@dc379f7, org.springframework.test.context.jdbc.SqlScriptsTestExecutionListener@58415a6c, org.springframework.test.context.event.EventPublishingTestExecutionListener@66720b71, org.springframework.boot.test.autoconfigure.restdocs.RestDocsTestExecutionListener@6a12e53b, org.springframework.boot.test.autoconfigure.web.client.MockRestServiceServerResetTestExecutionListener@7c08254f, org.springframework.boot.test.autoconfigure.web.servlet.MockMvcPrintOnlyOnFailureTestExecutionListener@2e488298, org.springframework.boot.test.autoconfigure.web.servlet.WebDriverTestExecutionListener@58973da3, org.springframework.boot.test.autoconfigure.webservices.client.MockWebServiceServerTestExecutionListener@255130b7, org.springframework.boot.test.mock.mockito.ResetMocksTestExecutionListener@184e5b0f]
14:23:19.047 [Test worker] DEBUG org.springframework.test.context.support.AbstractDirtiesContextTestExecutionListener - Before test class: context [DefaultTestContext@19c1410b testClass = BciApplicationTest, testInstance = [null], testMethod = [null], testException = [null], mergedContextConfiguration = [WebMergedContextConfiguration@56530e28 testClass = BciApplicationTest, locations = '{}', classes = '{class cl.com.bci.BciApplication}', contextInitializerClasses = '[]', activeProfiles = '{}', propertySourceLocations = '{}', propertySourceProperties = '{org.springframework.boot.test.context.SpringBootTestContextBootstrapper=true}', contextCustomizers = set[org.springframework.boot.test.autoconfigure.actuate.metrics.MetricsExportContextCustomizerFactory$DisableMetricExportContextCustomizer@cd97200, org.springframework.boot.test.autoconfigure.properties.PropertyMappingContextCustomizer@0, org.springframework.boot.test.autoconfigure.web.servlet.WebDriverContextCustomizerFactory$Customizer@44060717, org.springframework.boot.test.context.filter.ExcludeFilterContextCustomizer@47654bc5, org.springframework.boot.test.json.DuplicateJsonObjectContextCustomizerFactory$DuplicateJsonObjectContextCustomizer@497ba180, org.springframework.boot.test.mock.mockito.MockitoContextCustomizer@0, org.springframework.boot.test.web.client.TestRestTemplateContextCustomizer@6d275073, org.springframework.boot.test.context.SpringBootTestArgs@1, org.springframework.boot.test.context.SpringBootTestWebEnvironment@126da61b], resourceBasePath = 'src/main/webapp', contextLoader = 'org.springframework.boot.test.context.SpringBootContextLoader', parent = [null]], attributes = map['org.springframework.test.context.web.ServletTestExecutionListener.activateListener' -> true]], class annotated with @DirtiesContext [false] with mode [null].

  .   ____          _            __ _ _
 /\\ / ___'_ __ _ _(_)_ __  __ _ \ \ \ \
( ( )\___ | '_ | '_| | '_ \/ _` | \ \ \ \
 \\/  ___)| |_)| | | | | || (_| |  ) ) ) )
  '  |____| .__|_| |_|_| |_\__, | / / / /
 =========|_|==============|___/=/_/_/_/
 :: Spring Boot ::                (v2.7.3)

2023-06-13 14:23:19.225  INFO 88470 --- [    Test worker] cl.com.bci.BciApplicationTest            : Starting BciApplicationTest using Java 11.0.18 on MCEXE6XA3.corporacionbci.cl with PID 88470 (started by exdmace in /Users/exdmace/Desarrollo/workspace/bci)
2023-06-13 14:23:19.226  INFO 88470 --- [    Test worker] cl.com.bci.BciApplicationTest            : No active profile set, falling back to 1 default profile: "default"
2023-06-13 14:23:19.442  INFO 88470 --- [    Test worker] .s.d.r.c.RepositoryConfigurationDelegate : Bootstrapping Spring Data JPA repositories in DEFAULT mode.
2023-06-13 14:23:19.465  INFO 88470 --- [    Test worker] .s.d.r.c.RepositoryConfigurationDelegate : Finished Spring Data repository scanning in 17 ms. Found 1 JPA repository interfaces.
2023-06-13 14:23:19.706  INFO 88470 --- [    Test worker] com.zaxxer.hikari.HikariDataSource       : HikariPool-1 - Starting...
2023-06-13 14:23:19.843  INFO 88470 --- [    Test worker] com.zaxxer.hikari.HikariDataSource       : HikariPool-1 - Start completed.
2023-06-13 14:23:19.914  INFO 88470 --- [    Test worker] o.hibernate.jpa.internal.util.LogHelper  : HHH000204: Processing PersistenceUnitInfo [name: default]
2023-06-13 14:23:19.934  INFO 88470 --- [    Test worker] org.hibernate.Version                    : HHH000412: Hibernate ORM core version 5.6.10.Final
2023-06-13 14:23:20.012  INFO 88470 --- [    Test worker] o.hibernate.annotations.common.Version   : HCANN000001: Hibernate Commons Annotations {5.1.2.Final}
2023-06-13 14:23:20.058  INFO 88470 --- [    Test worker] org.hibernate.dialect.Dialect            : HHH000400: Using dialect: org.hibernate.dialect.H2Dialect
2023-06-13 14:23:20.348  INFO 88470 --- [    Test worker] o.h.e.t.j.p.i.JtaPlatformInitiator       : HHH000490: Using JtaPlatform implementation: [org.hibernate.engine.transaction.jta.platform.internal.NoJtaPlatform]
2023-06-13 14:23:20.355  INFO 88470 --- [    Test worker] j.LocalContainerEntityManagerFactoryBean : Initialized JPA EntityManagerFactory for persistence unit 'default'
2023-06-13 14:23:20.536  WARN 88470 --- [    Test worker] .s.s.UserDetailsServiceAutoConfiguration : 

Using generated security password: 2b009a37-b9b6-43ef-b8ae-7b2aad6c0014

This generated password is for development use only. Your security configuration must be updated before running your application in production.

2023-06-13 14:23:20.607  INFO 88470 --- [    Test worker] o.s.s.web.DefaultSecurityFilterChain     : Will secure any request with [org.springframework.security.web.session.DisableEncodeUrlFilter@75fd79bf, org.springframework.security.web.context.request.async.WebAsyncManagerIntegrationFilter@1f5e7fc8, org.springframework.security.web.context.SecurityContextPersistenceFilter@1fb619d4, org.springframework.security.web.header.HeaderWriterFilter@7b463871, org.springframework.security.web.authentication.logout.LogoutFilter@6e880572, org.springframework.security.web.savedrequest.RequestCacheAwareFilter@2c94f926, org.springframework.security.web.servletapi.SecurityContextHolderAwareRequestFilter@3c33dd9, org.springframework.security.web.authentication.AnonymousAuthenticationFilter@263ecccb, org.springframework.security.web.session.SessionManagementFilter@77b90b30, org.springframework.security.web.access.ExceptionTranslationFilter@7b98d690, org.springframework.security.web.access.intercept.FilterSecurityInterceptor@2df8d4e5]
2023-06-13 14:23:20.700  WARN 88470 --- [    Test worker] JpaBaseConfiguration$JpaWebConfiguration : spring.jpa.open-in-view is enabled by default. Therefore, database queries may be performed during view rendering. Explicitly configure spring.jpa.open-in-view to disable this warning
2023-06-13 14:23:20.804  INFO 88470 --- [    Test worker] o.s.b.a.h2.H2ConsoleAutoConfiguration    : H2 console available at '/h2-console'. Database available at 'jdbc:h2:mem:dcbapp'
2023-06-13 14:23:20.931  INFO 88470 --- [    Test worker] cl.com.bci.BciApplicationTest            : Started BciApplicationTest in 1.867 seconds (JVM running for 2.604)
]]></system-out>
  <system-err><![CDATA[]]></system-err>
</testsuite>
