<?xml version="1.0" encoding="UTF-8"?>
<testsuite name="cl.com.service.UserServiceTest" tests="3" skipped="1" failures="0" errors="0" timestamp="2022-08-23T20:21:36" hostname="EZE1-LLN-B05105" time="0.698">
  <properties/>
  <testcase name="testSave()" classname="cl.com.service.UserServiceTest" time="0.686"/>
  <testcase name="testGetAllUser()" classname="cl.com.service.UserServiceTest" time="0.005"/>
  <testcase name="testGetUserById()" classname="cl.com.service.UserServiceTest" time="0.002">
    <skipped/>
  </testcase>
  <system-out><![CDATA[]]></system-out>
  <system-err><![CDATA[]]></system-err>
</testsuite>
