<?xml version="1.0" encoding="UTF-8"?>
<testsuite name="cl.com.bci.BciApplicationTest" tests="1" skipped="0" failures="0" errors="0" timestamp="2022-08-22T15:39:24" hostname="EZE1-LLN-B05105" time="0.318">
  <properties/>
  <testcase name="contextLoads()" classname="cl.com.bci.BciApplicationTest" time="0.318"/>
  <system-out><![CDATA[12:39:19.453 [Test worker] DEBUG org.springframework.test.context.BootstrapUtils - Instantiating CacheAwareContextLoaderDelegate from class [org.springframework.test.context.cache.DefaultCacheAwareContextLoaderDelegate]
12:39:19.461 [Test worker] DEBUG org.springframework.test.context.BootstrapUtils - Instantiating BootstrapContext using constructor [public org.springframework.test.context.support.DefaultBootstrapContext(java.lang.Class,org.springframework.test.context.CacheAwareContextLoaderDelegate)]
12:39:19.488 [Test worker] DEBUG org.springframework.test.context.BootstrapUtils - Instantiating TestContextBootstrapper for test class [cl.com.bci.BciApplicationTest] from class [org.springframework.boot.test.context.SpringBootTestContextBootstrapper]
12:39:19.495 [Test worker] INFO org.springframework.boot.test.context.SpringBootTestContextBootstrapper - Neither @ContextConfiguration nor @ContextHierarchy found for test class [cl.com.bci.BciApplicationTest], using SpringBootContextLoader
12:39:19.498 [Test worker] DEBUG org.springframework.test.context.support.AbstractContextLoader - Did not detect default resource location for test class [cl.com.bci.BciApplicationTest]: class path resource [cl/com/bci/BciApplicationTest-context.xml] does not exist
12:39:19.498 [Test worker] DEBUG org.springframework.test.context.support.AbstractContextLoader - Did not detect default resource location for test class [cl.com.bci.BciApplicationTest]: class path resource [cl/com/bci/BciApplicationTestContext.groovy] does not exist
12:39:19.499 [Test worker] INFO org.springframework.test.context.support.AbstractContextLoader - Could not detect default resource locations for test class [cl.com.bci.BciApplicationTest]: no resource found for suffixes {-context.xml, Context.groovy}.
12:39:19.499 [Test worker] INFO org.springframework.test.context.support.AnnotationConfigContextLoaderUtils - Could not detect default configuration classes for test class [cl.com.bci.BciApplicationTest]: BciApplicationTest does not declare any static, non-private, non-final, nested classes annotated with @Configuration.
12:39:19.530 [Test worker] DEBUG org.springframework.test.context.support.ActiveProfilesUtils - Could not find an 'annotation declaring class' for annotation type [org.springframework.test.context.ActiveProfiles] and class [cl.com.bci.BciApplicationTest]
12:39:19.580 [Test worker] DEBUG org.springframework.context.annotation.ClassPathScanningCandidateComponentProvider - Identified candidate component class: file [C:\eclipse-workspace\bci\build\classes\java\main\cl\com\bci\BciApplication.class]
12:39:19.581 [Test worker] INFO org.springframework.boot.test.context.SpringBootTestContextBootstrapper - Found @SpringBootConfiguration cl.com.bci.BciApplication for test class cl.com.bci.BciApplicationTest
12:39:19.664 [Test worker] DEBUG org.springframework.boot.test.context.SpringBootTestContextBootstrapper - @TestExecutionListeners is not present for class [cl.com.bci.BciApplicationTest]: using defaults.
12:39:19.665 [Test worker] INFO org.springframework.boot.test.context.SpringBootTestContextBootstrapper - Loaded default TestExecutionListener class names from location [META-INF/spring.factories]: [org.springframework.security.test.context.support.WithSecurityContextTestExecutionListener, org.springframework.security.test.context.support.ReactorContextTestExecutionListener, org.springframework.boot.test.autoconfigure.restdocs.RestDocsTestExecutionListener, org.springframework.boot.test.autoconfigure.web.client.MockRestServiceServerResetTestExecutionListener, org.springframework.boot.test.autoconfigure.web.servlet.MockMvcPrintOnlyOnFailureTestExecutionListener, org.springframework.boot.test.autoconfigure.web.servlet.WebDriverTestExecutionListener, org.springframework.boot.test.autoconfigure.webservices.client.MockWebServiceServerTestExecutionListener, org.springframework.boot.test.mock.mockito.MockitoTestExecutionListener, org.springframework.boot.test.mock.mockito.ResetMocksTestExecutionListener, org.springframework.test.context.web.ServletTestExecutionListener, org.springframework.test.context.support.DirtiesContextBeforeModesTestExecutionListener, org.springframework.test.context.event.ApplicationEventsTestExecutionListener, org.springframework.test.context.support.DependencyInjectionTestExecutionListener, org.springframework.test.context.support.DirtiesContextTestExecutionListener, org.springframework.test.context.transaction.TransactionalTestExecutionListener, org.springframework.test.context.jdbc.SqlScriptsTestExecutionListener, org.springframework.test.context.event.EventPublishingTestExecutionListener]
12:39:19.679 [Test worker] INFO org.springframework.boot.test.context.SpringBootTestContextBootstrapper - Using TestExecutionListeners: [org.springframework.test.context.web.ServletTestExecutionListener@10567255, org.springframework.test.context.support.DirtiesContextBeforeModesTestExecutionListener@e362c57, org.springframework.test.context.event.ApplicationEventsTestExecutionListener@1c4ee95c, org.springframework.boot.test.mock.mockito.MockitoTestExecutionListener@79c4715d, org.springframework.boot.test.autoconfigure.SpringBootDependencyInjectionTestExecutionListener@5aa360ea, org.springframework.test.context.support.DirtiesContextTestExecutionListener@6548bb7d, org.springframework.test.context.transaction.TransactionalTestExecutionListener@e27ba81, org.springframework.test.context.jdbc.SqlScriptsTestExecutionListener@54336c81, org.springframework.security.test.context.support.WithSecurityContextTestExecutionListener@1556f2dd, org.springframework.test.context.event.EventPublishingTestExecutionListener@35e52059, org.springframework.security.test.context.support.ReactorContextTestExecutionListener@62577d6, org.springframework.boot.test.autoconfigure.restdocs.RestDocsTestExecutionListener@49bd54f7, org.springframework.boot.test.autoconfigure.web.client.MockRestServiceServerResetTestExecutionListener@6b5f8707, org.springframework.boot.test.autoconfigure.web.servlet.MockMvcPrintOnlyOnFailureTestExecutionListener@772485dd, org.springframework.boot.test.autoconfigure.web.servlet.WebDriverTestExecutionListener@5a12c728, org.springframework.boot.test.autoconfigure.webservices.client.MockWebServiceServerTestExecutionListener@79ab3a71, org.springframework.boot.test.mock.mockito.ResetMocksTestExecutionListener@6e5bfdfc]
12:39:19.682 [Test worker] DEBUG org.springframework.test.context.support.AbstractDirtiesContextTestExecutionListener - Before test class: context [DefaultTestContext@4837595f testClass = BciApplicationTest, testInstance = [null], testMethod = [null], testException = [null], mergedContextConfiguration = [WebMergedContextConfiguration@2bffa76d testClass = BciApplicationTest, locations = '{}', classes = '{class cl.com.bci.BciApplication}', contextInitializerClasses = '[]', activeProfiles = '{}', propertySourceLocations = '{}', propertySourceProperties = '{org.springframework.boot.test.context.SpringBootTestContextBootstrapper=true}', contextCustomizers = set[org.springframework.boot.test.autoconfigure.actuate.metrics.MetricsExportContextCustomizerFactory$DisableMetricExportContextCustomizer@40f1be1b, org.springframework.boot.test.autoconfigure.properties.PropertyMappingContextCustomizer@0, org.springframework.boot.test.autoconfigure.web.servlet.WebDriverContextCustomizerFactory$Customizer@5b40ceb, org.springframework.boot.test.context.filter.ExcludeFilterContextCustomizer@36546a22, org.springframework.boot.test.json.DuplicateJsonObjectContextCustomizerFactory$DuplicateJsonObjectContextCustomizer@64dafeed, org.springframework.boot.test.mock.mockito.MockitoContextCustomizer@0, org.springframework.boot.test.web.client.TestRestTemplateContextCustomizer@619bfe29, org.springframework.boot.test.context.SpringBootTestArgs@1, org.springframework.boot.test.context.SpringBootTestWebEnvironment@2fba3fc4], resourceBasePath = 'src/main/webapp', contextLoader = 'org.springframework.boot.test.context.SpringBootContextLoader', parent = [null]], attributes = map['org.springframework.test.context.web.ServletTestExecutionListener.activateListener' -> true]], class annotated with @DirtiesContext [false] with mode [null].

  .   ____          _            __ _ _
 /\\ / ___'_ __ _ _(_)_ __  __ _ \ \ \ \
( ( )\___ | '_ | '_| | '_ \/ _` | \ \ \ \
 \\/  ___)| |_)| | | | | || (_| |  ) ) ) )
  '  |____| .__|_| |_|_| |_\__, | / / / /
 =========|_|==============|___/=/_/_/_/
 :: Spring Boot ::                (v2.7.3)

2022-08-22 12:39:19.969  INFO 14288 --- [    Test worker] cl.com.bci.BciApplicationTest            : Starting BciApplicationTest using Java 17.0.4 on EZE1-LLN-B05105 with PID 14288 (started by diego.maceira in C:\eclipse-workspace\bci)
2022-08-22 12:39:19.970  INFO 14288 --- [    Test worker] cl.com.bci.BciApplicationTest            : No active profile set, falling back to 1 default profile: "default"
2022-08-22 12:39:20.388  INFO 14288 --- [    Test worker] .s.d.r.c.RepositoryConfigurationDelegate : Bootstrapping Spring Data JPA repositories in DEFAULT mode.
2022-08-22 12:39:20.422  INFO 14288 --- [    Test worker] .s.d.r.c.RepositoryConfigurationDelegate : Finished Spring Data repository scanning in 28 ms. Found 1 JPA repository interfaces.
2022-08-22 12:39:21.047  INFO 14288 --- [    Test worker] com.zaxxer.hikari.HikariDataSource       : HikariPool-1 - Starting...
2022-08-22 12:39:21.296  INFO 14288 --- [    Test worker] com.zaxxer.hikari.HikariDataSource       : HikariPool-1 - Start completed.
2022-08-22 12:39:21.482  INFO 14288 --- [    Test worker] o.hibernate.jpa.internal.util.LogHelper  : HHH000204: Processing PersistenceUnitInfo [name: default]
2022-08-22 12:39:21.531  INFO 14288 --- [    Test worker] org.hibernate.Version                    : HHH000412: Hibernate ORM core version 5.6.10.Final
2022-08-22 12:39:21.700  INFO 14288 --- [    Test worker] o.hibernate.annotations.common.Version   : HCANN000001: Hibernate Commons Annotations {5.1.2.Final}
2022-08-22 12:39:21.816  INFO 14288 --- [    Test worker] org.hibernate.dialect.Dialect            : HHH000400: Using dialect: org.hibernate.dialect.H2Dialect
2022-08-22 12:39:22.342  INFO 14288 --- [    Test worker] o.h.e.t.j.p.i.JtaPlatformInitiator       : HHH000490: Using JtaPlatform implementation: [org.hibernate.engine.transaction.jta.platform.internal.NoJtaPlatform]
2022-08-22 12:39:22.348  INFO 14288 --- [    Test worker] j.LocalContainerEntityManagerFactoryBean : Initialized JPA EntityManagerFactory for persistence unit 'default'
2022-08-22 12:39:22.908  WARN 14288 --- [    Test worker] .s.s.UserDetailsServiceAutoConfiguration : 

Using generated security password: 0a039671-e33e-4143-b9c8-12fba370ef19

This generated password is for development use only. Your security configuration must be updated before running your application in production.

2022-08-22 12:39:23.192  INFO 14288 --- [    Test worker] o.s.s.web.DefaultSecurityFilterChain     : Will secure any request with [org.springframework.security.web.session.DisableEncodeUrlFilter@2b18b308, org.springframework.security.web.context.request.async.WebAsyncManagerIntegrationFilter@37dc7661, org.springframework.security.web.context.SecurityContextPersistenceFilter@11771fd6, org.springframework.security.web.header.HeaderWriterFilter@6097f225, org.springframework.security.web.authentication.logout.LogoutFilter@7841c990, org.springframework.security.web.savedrequest.RequestCacheAwareFilter@3bac86a3, org.springframework.security.web.servletapi.SecurityContextHolderAwareRequestFilter@128ca7af, org.springframework.security.web.authentication.AnonymousAuthenticationFilter@2e015ac1, org.springframework.security.web.session.SessionManagementFilter@92de794, org.springframework.security.web.access.ExceptionTranslationFilter@19542115, org.springframework.security.web.access.intercept.FilterSecurityInterceptor@6eae3730]
2022-08-22 12:39:23.547  WARN 14288 --- [    Test worker] JpaBaseConfiguration$JpaWebConfiguration : spring.jpa.open-in-view is enabled by default. Therefore, database queries may be performed during view rendering. Explicitly configure spring.jpa.open-in-view to disable this warning
2022-08-22 12:39:24.156  INFO 14288 --- [    Test worker] o.s.b.a.h2.H2ConsoleAutoConfiguration    : H2 console available at '/h2-console'. Database available at 'jdbc:h2:mem:dcbapp'
2022-08-22 12:39:24.902  INFO 14288 --- [    Test worker] cl.com.bci.BciApplicationTest            : Started BciApplicationTest in 5.179 seconds (JVM running for 6.233)
]]></system-out>
  <system-err><![CDATA[]]></system-err>
</testsuite>
